<?xml version="1.0" encoding="UTF-8"?>
<!-- Generated by org.testng.reporters.JUnitReportReporter -->
<testsuite hostname="PC--20150719GNA" name="cn.test.fan.seleniumstudy.testbaidu" tests="1" failures="0" timestamp="12 Feb 2018 01:05:01 GMT" time="15.088" errors="0">
  <testcase name="testUntitled" time="15.088" classname="cn.test.fan.seleniumstudy.testbaidu"/>
</testsuite> <!-- cn.test.fan.seleniumstudy.testbaidu -->
